<?xml version="1.0" encoding="UTF-8"?>
<!-- Generated by org.testng.reporters.JUnitReportReporter -->
<testsuite skipped="0" hostname="RAJU-PC" name="autoitsamples.winpopup" tests="1" failures="0" timestamp="13 Apr 2018 08:44:37 GMT" time="23.725" errors="0">
  <testcase name="f" time="23.725" classname="autoitsamples.winpopup"/>
</testsuite> <!-- autoitsamples.winpopup -->
