<?xml version="1.0" encoding="UTF-8"?>
<!-- Generated by org.testng.reporters.JUnitReportReporter -->
<testsuite skipped="0" hostname="RAJU-PC" name="pageobjects.Mercurytestblepageobjects" tests="1" failures="0" timestamp="05 Apr 2018 13:38:21 GMT" time="11.580" errors="0">
  <testcase name="f" time="11.580" classname="pageobjects.Mercurytestblepageobjects"/>
</testsuite> <!-- pageobjects.Mercurytestblepageobjects -->
