<?xml version="1.0" encoding="UTF-8"?>
<!-- Generated by org.testng.reporters.JUnitReportReporter -->
<testsuite skipped="0" hostname="RAJU-PC" name="IOStreams.writeExcel" tests="1" failures="0" timestamp="02 Apr 2018 09:53:13 GMT" time="0.250" errors="0">
  <testcase name="f" time="0.250" classname="IOStreams.writeExcel"/>
</testsuite> <!-- IOStreams.writeExcel -->
