<?xml version="1.0" encoding="UTF-8"?>
<!-- Generated by org.testng.reporters.JUnitReportReporter -->
<testsuite skipped="0" hostname="RAJU-PC" name="Gmailpagesamples.CreatingOuput_AlongWithInput" tests="1" failures="0" timestamp="05 Apr 2018 16:04:37 GMT" time="16.506" errors="0">
  <testcase name="f" time="16.506" classname="Gmailpagesamples.CreatingOuput_AlongWithInput"/>
</testsuite> <!-- Gmailpagesamples.CreatingOuput_AlongWithInput -->
