<?xml version="1.0" encoding="UTF-8"?>
<!-- Generated by org.testng.reporters.JUnitReportReporter -->
<testsuite skipped="0" hostname="RAJU-PC" name="log4jsample.Newtest" tests="1" failures="0" timestamp="16 Apr 2018 18:28:49 GMT" time="7.202" errors="0">
  <testcase name="f" time="7.202" classname="log4jsample.Newtest"/>
</testsuite> <!-- log4jsample.Newtest -->
