<?xml version="1.0" encoding="UTF-8"?>
<!-- Generated by org.testng.reporters.JUnitReportReporter -->
<testsuite skipped="0" hostname="RAJU-PC" name="DatadrivenFramework.DatadrivenusingPropertiesfile" tests="1" failures="0" timestamp="03 Apr 2018 16:41:12 GMT" time="10.805" errors="0">
  <testcase name="f" time="10.805" classname="DatadrivenFramework.DatadrivenusingPropertiesfile"/>
</testsuite> <!-- DatadrivenFramework.DatadrivenusingPropertiesfile -->
