<?xml version="1.0" encoding="UTF-8"?>
<!-- Generated by org.testng.reporters.JUnitReportReporter -->
<testsuite skipped="0" hostname="RAJU-PC" name="testsuites.testingpriorities" tests="4" failures="0" timestamp="10 Apr 2018 12:48:12 GMT" time="0.020" errors="0">
  <testcase name="ffff" time="0.001" classname="testsuites.testingpriorities"/>
  <testcase name="bbbb" time="0.013" classname="testsuites.testingpriorities"/>
  <testcase name="ppp" time="0.004" classname="testsuites.testingpriorities"/>
  <testcase name="aaa" time="0.002" classname="testsuites.testingpriorities"/>
</testsuite> <!-- testsuites.testingpriorities -->
