<?xml version="1.0" encoding="UTF-8"?>
<!-- Generated by org.testng.reporters.JUnitReportReporter -->
<testsuite skipped="0" hostname="RAJU-PC" name="Gmailpagesamples.Gmailtestablepageobjects" tests="1" failures="0" timestamp="05 Apr 2018 13:44:46 GMT" time="15.398" errors="0">
  <testcase name="f" time="15.398" classname="Gmailpagesamples.Gmailtestablepageobjects"/>
</testsuite> <!-- Gmailpagesamples.Gmailtestablepageobjects -->
