<?xml version="1.0" encoding="UTF-8"?>
<!-- Generated by org.testng.reporters.JUnitReportReporter -->
<testsuite skipped="1" hostname="RAJU-PC" name="HybridFramework.HybridExecuteTest" tests="1" failures="0" timestamp="11 Apr 2018 14:22:39 GMT" time="0.000" errors="0">
  <testcase name="testLogin" time="0.000" classname="HybridFramework.HybridExecuteTest">
    <skipped/>
  </testcase> <!-- testLogin -->
</testsuite> <!-- HybridFramework.HybridExecuteTest -->
