<?xml version="1.0" encoding="UTF-8"?>
<!-- Generated by org.testng.reporters.JUnitReportReporter -->
<testsuite skipped="0" hostname="RAJU-PC" name="Testngsample.facebook" tests="1" failures="0" timestamp="23 Apr 2018 17:31:22 GMT" time="15.058" errors="0">
  <testcase name="f" time="15.058" classname="Testngsample.facebook"/>
</testsuite> <!-- Testngsample.facebook -->
