<?xml version="1.0" encoding="UTF-8"?>
<!-- Generated by org.testng.reporters.JUnitReportReporter -->
<testsuite skipped="0" hostname="RAJU-PC" name="keyworddrivenframework.Handlingofmultipletabs" tests="1" failures="0" timestamp="23 Apr 2018 17:03:11 GMT" time="15.237" errors="0">
  <testcase name="f" time="15.237" classname="keyworddrivenframework.Handlingofmultipletabs"/>
</testsuite> <!-- keyworddrivenframework.Handlingofmultipletabs -->
