<?xml version="1.0" encoding="UTF-8"?>
<!-- Generated by org.testng.reporters.JUnitReportReporter -->
<testsuite skipped="0" hostname="RAJU-PC" name="Testngsample.gmailautomation" tests="1" failures="0" timestamp="01 Apr 2018 20:00:05 GMT" time="35.100" errors="0">
  <testcase name="f" time="35.100" classname="Testngsample.gmailautomation"/>
</testsuite> <!-- Testngsample.gmailautomation -->
