<?xml version="1.0" encoding="UTF-8"?>
<!-- Generated by org.testng.reporters.JUnitReportReporter -->
<testsuite skipped="0" hostname="RAJU-PC" name="autoitsamples.Gmailautomation" tests="1" failures="0" timestamp="13 Apr 2018 09:12:37 GMT" time="61.905" errors="0">
  <testcase name="f" time="61.905" classname="autoitsamples.Gmailautomation"/>
</testsuite> <!-- autoitsamples.Gmailautomation -->
