<?xml version="1.0" encoding="UTF-8"?>
<!-- Generated by org.testng.reporters.JUnitReportReporter -->
<testsuite skipped="0" hostname="RAJU-PC" name="Testnggroups.GroupTest1" tests="22" failures="0" timestamp="02 Apr 2018 16:41:54 GMT" time="0.060" errors="0">
  <testcase name="test10" time="0.000" classname="Testnggroups.GroupTest1"/>
  <testcase name="testcase11" time="0.000" classname="Testnggroups.GroupTest1"/>
  <testcase name="test2121" time="0.000" classname="Testnggroups.GroupTest1"/>
  <testcase name="testCaseFive" time="0.000" classname="Testnggroups.GroupTest1"/>
  <testcase name="testsam" time="0.000" classname="Testnggroups.GroupTest1"/>
  <testcase name="testcase1" time="0.010" classname="Testnggroups.GroupTest1"/>
  <testcase name="test1111" time="0.000" classname="Testnggroups.GroupTest1"/>
  <testcase name="m123" time="0.000" classname="Testnggroups.GroupTest1"/>
  <testcase name="tc5" time="0.010" classname="Testnggroups.GroupTest1"/>
  <testcase name="m1" time="0.020" classname="Testnggroups.GroupTest1"/>
  <testcase name="test" time="0.000" classname="Testnggroups.GroupTest1"/>
  <testcase name="reg1" time="0.000" classname="Testnggroups.GroupTest1"/>
  <testcase name="test333" time="0.010" classname="Testnggroups.GroupTest1"/>
  <testcase name="sample" time="0.000" classname="Testnggroups.GroupTest1"/>
  <testcase name="method1" time="0.000" classname="Testnggroups.GroupTest1"/>
  <testcase name="m456" time="0.000" classname="Testnggroups.GroupTest1"/>
  <testcase name="testCaseTwo" time="0.000" classname="Testnggroups.GroupTest1"/>
  <testcase name="testCaseOne" time="0.000" classname="Testnggroups.GroupTest1"/>
  <testcase name="testCaseFour" time="0.000" classname="Testnggroups.GroupTest1"/>
  <testcase name="test345" time="0.000" classname="Testnggroups.GroupTest1"/>
  <testcase name="testCaseThree" time="0.000" classname="Testnggroups.GroupTest1"/>
  <testcase name="test12" time="0.010" classname="Testnggroups.GroupTest1"/>
</testsuite> <!-- Testnggroups.GroupTest1 -->
